0 info it worked if it ends with ok
1 verbose cli [
1 verbose cli   '/Users/suzie/.nvm/versions/node/v14.20.0/bin/node',
1 verbose cli   '/Users/suzie/.nvm/versions/node/v14.20.0/bin/npm',
1 verbose cli   'run',
1 verbose cli   'deploy'
1 verbose cli ]
2 info using npm@6.14.17
3 info using node@v14.20.0
4 verbose stack Error: Failed to parse json
4 verbose stack Unexpected string in JSON at position 78 while parsing '{
4 verbose stack   "homepage" : "https://suziech.github'
4 verbose stack     at parseError (/Users/suzie/.nvm/versions/node/v14.20.0/lib/node_modules/npm/node_modules/read-package-json/read-json.js:470:11)
4 verbose stack     at parseJson (/Users/suzie/.nvm/versions/node/v14.20.0/lib/node_modules/npm/node_modules/read-package-json/read-json.js:105:26)
4 verbose stack     at /Users/suzie/.nvm/versions/node/v14.20.0/lib/node_modules/npm/node_modules/read-package-json/read-json.js:52:5
4 verbose stack     at /Users/suzie/.nvm/versions/node/v14.20.0/lib/node_modules/npm/node_modules/graceful-fs/graceful-fs.js:123:16
4 verbose stack     at FSReqCallback.readFileAfterClose [as oncomplete] (internal/fs/read_file_context.js:71:3)
5 verbose cwd /Users/suzie/Desktop/Wanted/course/assignment
6 verbose Darwin 21.5.0
7 verbose argv "/Users/suzie/.nvm/versions/node/v14.20.0/bin/node" "/Users/suzie/.nvm/versions/node/v14.20.0/bin/npm" "run" "deploy"
8 verbose node v14.20.0
9 verbose npm  v6.14.17
10 error code EJSONPARSE
11 error file /Users/suzie/Desktop/Wanted/course/assignment/package.json
12 error JSON.parse Failed to parse json
12 error JSON.parse Unexpected string in JSON at position 78 while parsing '{
12 error JSON.parse   "homepage" : "https://suziech.github'
13 error JSON.parse Failed to parse package.json data.
13 error JSON.parse package.json must be actual JSON, not just JavaScript.
14 verbose exit [ 1, true ]
